2020-04-21 22:41:31,561 - Log4JLogChute initialized using file 'velocity.log'
2020-04-21 22:41:31,561 - Initializing Velocity, Calling init()...
2020-04-21 22:41:31,561 - Starting Apache Velocity v1.7 (compiled: 2010-11-19 12:14:37)
2020-04-21 22:41:31,561 - Default Properties File: org\apache\velocity\runtime\defaults\velocity.properties
2020-04-21 22:41:31,561 - Trying to use logger class org.apache.velocity.runtime.log.AvalonLogChute
2020-04-21 22:41:31,561 - Target log system for org.apache.velocity.runtime.log.AvalonLogChute is not available (java.lang.NoClassDefFoundError: org/apache/log/format/Formatter).  Falling back to next log system...
2020-04-21 22:41:31,561 - Trying to use logger class org.apache.velocity.runtime.log.Log4JLogChute
2020-04-21 22:41:31,564 - Using logger class org.apache.velocity.runtime.log.Log4JLogChute
2020-04-21 22:41:31,567 - ResourceLoader instantiated: org.apache.velocity.runtime.resource.loader.ClasspathResourceLoader
2020-04-21 22:41:31,579 - ResourceCache: initialized (class org.apache.velocity.runtime.resource.ResourceCacheImpl) with class java.util.Collections$SynchronizedMap cache map.
2020-04-21 22:41:31,581 - Loaded System Directive: org.apache.velocity.runtime.directive.Stop
2020-04-21 22:41:31,583 - Loaded System Directive: org.apache.velocity.runtime.directive.Define
2020-04-21 22:41:31,583 - Loaded System Directive: org.apache.velocity.runtime.directive.Break
2020-04-21 22:41:31,584 - Loaded System Directive: org.apache.velocity.runtime.directive.Evaluate
2020-04-21 22:41:31,584 - Loaded System Directive: org.apache.velocity.runtime.directive.Literal
2020-04-21 22:41:31,586 - Loaded System Directive: org.apache.velocity.runtime.directive.Macro
2020-04-21 22:41:31,587 - Loaded System Directive: org.apache.velocity.runtime.directive.Parse
2020-04-21 22:41:31,588 - Loaded System Directive: org.apache.velocity.runtime.directive.Include
2020-04-21 22:41:31,589 - Loaded System Directive: org.apache.velocity.runtime.directive.Foreach
2020-04-21 22:41:31,629 - Created '20' parsers.
2020-04-21 22:41:31,637 - Velocimacro : "velocimacro.library" is not set.  Trying default library: VM_global_library.vm
2020-04-21 22:41:31,637 - Could not load resource 'VM_global_library.vm' from ResourceLoader org.apache.velocity.runtime.resource.loader.ClasspathResourceLoader: ClasspathResourceLoader Error: cannot find resource VM_global_library.vm
2020-04-21 22:41:31,637 - Velocimacro : Default library not found.
2020-04-21 22:41:31,637 - Velocimacro : allowInline = true : VMs can be defined inline in templates
2020-04-21 22:41:31,637 - Velocimacro : allowInlineToOverride = false : VMs defined inline may NOT replace previous VM definitions
2020-04-21 22:41:31,637 - Velocimacro : allowInlineLocal = false : VMs defined inline will be global in scope if allowed.
2020-04-21 22:41:31,637 - Velocimacro : autoload off : VM system will not automatically reload global library macros
2020-04-21 22:41:31,678 - ResourceManager : found /templates/entity.java.vm with loader org.apache.velocity.runtime.resource.loader.ClasspathResourceLoader
2020-04-21 22:41:31,693 - Left side (${versionFieldName}) of '==' operation has null value. If it is a reference, it may not be in the context or its toString() returned null. /templates/entity.java.vm[line 76, column 26]
2020-04-21 22:41:31,694 - Left side (${logicDeleteFieldName}) of '==' operation has null value. If it is a reference, it may not be in the context or its toString() returned null. /templates/entity.java.vm[line 80, column 30]
2020-04-21 22:41:31,694 - Left side (${versionFieldName}) of '==' operation has null value. If it is a reference, it may not be in the context or its toString() returned null. /templates/entity.java.vm[line 76, column 26]
2020-04-21 22:41:31,694 - Left side (${logicDeleteFieldName}) of '==' operation has null value. If it is a reference, it may not be in the context or its toString() returned null. /templates/entity.java.vm[line 80, column 30]
2020-04-21 22:41:31,694 - Left side (${versionFieldName}) of '==' operation has null value. If it is a reference, it may not be in the context or its toString() returned null. /templates/entity.java.vm[line 76, column 26]
2020-04-21 22:41:31,694 - Left side (${logicDeleteFieldName}) of '==' operation has null value. If it is a reference, it may not be in the context or its toString() returned null. /templates/entity.java.vm[line 80, column 30]
2020-04-21 22:41:31,695 - Left side (${versionFieldName}) of '==' operation has null value. If it is a reference, it may not be in the context or its toString() returned null. /templates/entity.java.vm[line 76, column 26]
2020-04-21 22:41:31,695 - Left side (${logicDeleteFieldName}) of '==' operation has null value. If it is a reference, it may not be in the context or its toString() returned null. /templates/entity.java.vm[line 80, column 30]
2020-04-21 22:41:31,695 - Left side (${versionFieldName}) of '==' operation has null value. If it is a reference, it may not be in the context or its toString() returned null. /templates/entity.java.vm[line 76, column 26]
2020-04-21 22:41:31,695 - Left side (${logicDeleteFieldName}) of '==' operation has null value. If it is a reference, it may not be in the context or its toString() returned null. /templates/entity.java.vm[line 80, column 30]
2020-04-21 22:41:31,695 - Left side (${versionFieldName}) of '==' operation has null value. If it is a reference, it may not be in the context or its toString() returned null. /templates/entity.java.vm[line 76, column 26]
2020-04-21 22:41:31,695 - Left side (${logicDeleteFieldName}) of '==' operation has null value. If it is a reference, it may not be in the context or its toString() returned null. /templates/entity.java.vm[line 80, column 30]
2020-04-21 22:41:31,695 - Left side (${versionFieldName}) of '==' operation has null value. If it is a reference, it may not be in the context or its toString() returned null. /templates/entity.java.vm[line 76, column 26]
2020-04-21 22:41:31,695 - Left side (${logicDeleteFieldName}) of '==' operation has null value. If it is a reference, it may not be in the context or its toString() returned null. /templates/entity.java.vm[line 80, column 30]
2020-04-21 22:41:31,696 - Left side (${versionFieldName}) of '==' operation has null value. If it is a reference, it may not be in the context or its toString() returned null. /templates/entity.java.vm[line 76, column 26]
2020-04-21 22:41:31,696 - Left side (${logicDeleteFieldName}) of '==' operation has null value. If it is a reference, it may not be in the context or its toString() returned null. /templates/entity.java.vm[line 80, column 30]
2020-04-21 22:41:31,696 - Left side (${versionFieldName}) of '==' operation has null value. If it is a reference, it may not be in the context or its toString() returned null. /templates/entity.java.vm[line 76, column 26]
2020-04-21 22:41:31,696 - Left side (${logicDeleteFieldName}) of '==' operation has null value. If it is a reference, it may not be in the context or its toString() returned null. /templates/entity.java.vm[line 80, column 30]
2020-04-21 22:41:31,696 - Left side (${versionFieldName}) of '==' operation has null value. If it is a reference, it may not be in the context or its toString() returned null. /templates/entity.java.vm[line 76, column 26]
2020-04-21 22:41:31,696 - Left side (${logicDeleteFieldName}) of '==' operation has null value. If it is a reference, it may not be in the context or its toString() returned null. /templates/entity.java.vm[line 80, column 30]
2020-04-21 22:41:31,696 - Left side (${versionFieldName}) of '==' operation has null value. If it is a reference, it may not be in the context or its toString() returned null. /templates/entity.java.vm[line 76, column 26]
2020-04-21 22:41:31,696 - Left side (${logicDeleteFieldName}) of '==' operation has null value. If it is a reference, it may not be in the context or its toString() returned null. /templates/entity.java.vm[line 80, column 30]
2020-04-21 22:41:31,697 - Left side (${versionFieldName}) of '==' operation has null value. If it is a reference, it may not be in the context or its toString() returned null. /templates/entity.java.vm[line 76, column 26]
2020-04-21 22:41:31,697 - Left side (${logicDeleteFieldName}) of '==' operation has null value. If it is a reference, it may not be in the context or its toString() returned null. /templates/entity.java.vm[line 80, column 30]
2020-04-21 22:41:31,697 - Left side (${versionFieldName}) of '==' operation has null value. If it is a reference, it may not be in the context or its toString() returned null. /templates/entity.java.vm[line 76, column 26]
2020-04-21 22:41:31,697 - Left side (${logicDeleteFieldName}) of '==' operation has null value. If it is a reference, it may not be in the context or its toString() returned null. /templates/entity.java.vm[line 80, column 30]
2020-04-21 22:41:31,698 - Left side (${versionFieldName}) of '==' operation has null value. If it is a reference, it may not be in the context or its toString() returned null. /templates/entity.java.vm[line 76, column 26]
2020-04-21 22:41:31,698 - Left side (${logicDeleteFieldName}) of '==' operation has null value. If it is a reference, it may not be in the context or its toString() returned null. /templates/entity.java.vm[line 80, column 30]
2020-04-21 22:41:31,711 - ResourceManager : found /templates/mapper.java.vm with loader org.apache.velocity.runtime.resource.loader.ClasspathResourceLoader
2020-04-21 22:41:31,722 - ResourceManager : found /templates/mapper.xml.vm with loader org.apache.velocity.runtime.resource.loader.ClasspathResourceLoader
2020-04-21 22:41:31,732 - ResourceManager : found /templates/service.java.vm with loader org.apache.velocity.runtime.resource.loader.ClasspathResourceLoader
2020-04-21 22:41:31,747 - ResourceManager : found /templates/serviceImpl.java.vm with loader org.apache.velocity.runtime.resource.loader.ClasspathResourceLoader
2020-04-21 22:41:31,762 - ResourceManager : found /templates/controller.java.vm with loader org.apache.velocity.runtime.resource.loader.ClasspathResourceLoader
